# JRE version: Java(TM) SE Runtime Environment (8.0_51-b16) (build 1.8.0_51-b16)
# Java VM: Java HotSpot(TM) 64-Bit Server VM (25.51-b03 mixed mode windows-amd64 compressed oops)
Heap:
 PSYoungGen      total 76288K, used 58604K [0x000000076b400000, 0x0000000774900000, 0x00000007c0000000)
  eden space 65536K, 73% used [0x000000076b400000,0x000000076e2daf88,0x000000076f400000)
  from space 10752K, 98% used [0x000000076f400000,0x000000076fe601a8,0x000000076fe80000)
  to   space 10752K, 0% used [0x0000000773e80000,0x0000000773e80000,0x0000000774900000)
 ParOldGen       total 175104K, used 81785K [0x00000006c1c00000, 0x00000006cc700000, 0x000000076b400000)
  object space 175104K, 46% used [0x00000006c1c00000,0x00000006c6bde4f8,0x00000006cc700000)
 Metaspace       used 19434K, capacity 20338K, committed 20736K, reserved 1067008K
  class space    used 2893K, capacity 3218K, committed 3328K, reserved 1048576K
GC Heap History (6 events):
Event: 1.024 GC heap before
{Heap before GC invocations=1 (full 0):
 PSYoungGen      total 76288K, used 65536K [0x000000076b400000, 0x0000000770900000, 0x00000007c0000000)
  eden space 65536K, 100% used [0x000000076b400000,0x000000076f400000,0x000000076f400000)
  from space 10752K, 0% used [0x000000076fe80000,0x000000076fe80000,0x0000000770900000)
  to   space 10752K, 0% used [0x000000076f400000,0x000000076f400000,0x000000076fe80000)
 ParOldGen       total 175104K, used 0K [0x00000006c1c00000, 0x00000006cc700000, 0x000000076b400000)
  object space 175104K, 0% used [0x00000006c1c00000,0x00000006c1c00000,0x00000006cc700000)
 Metaspace       used 15438K, capacity 16160K, committed 16384K, reserved 1062912K
  class space    used 2118K, capacity 2441K, committed 2560K, reserved 1048576K
Event: 1.032 GC heap after
Heap after GC invocations=1 (full 0):
 PSYoungGen      total 76288K, used 10731K [0x000000076b400000, 0x0000000770900000, 0x00000007c0000000)
  eden space 65536K, 0% used [0x000000076b400000,0x000000076b400000,0x000000076f400000)
  from space 10752K, 99% used [0x000000076f400000,0x000000076fe7acd0,0x000000076fe80000)
  to   space 10752K, 0% used [0x000000076fe80000,0x000000076fe80000,0x0000000770900000)
 ParOldGen       total 175104K, used 7316K [0x00000006c1c00000, 0x00000006cc700000, 0x000000076b400000)
  object space 175104K, 4% used [0x00000006c1c00000,0x00000006c2325150,0x00000006cc700000)
 Metaspace       used 15438K, capacity 16160K, committed 16384K, reserved 1062912K
  class space    used 2118K, capacity 2441K, committed 2560K, reserved 1048576K
}
Event: 1.334 GC heap before
{Heap before GC invocations=2 (full 0):
 PSYoungGen      total 76288K, used 74706K [0x000000076b400000, 0x0000000770900000, 0x00000007c0000000)
  eden space 65536K, 97% used [0x000000076b400000,0x000000076f279ba8,0x000000076f400000)
  from space 10752K, 99% used [0x000000076f400000,0x000000076fe7acd0,0x000000076fe80000)
  to   space 10752K, 0% used [0x000000076fe80000,0x000000076fe80000,0x0000000770900000)
 ParOldGen       total 175104K, used 7316K [0x00000006c1c00000, 0x00000006cc700000, 0x000000076b400000)
  object space 175104K, 4% used [0x00000006c1c00000,0x00000006c2325150,0x00000006cc700000)
 Metaspace       used 16600K, capacity 17342K, committed 17536K, reserved 1064960K
  class space    used 2320K, capacity 2624K, committed 2688K, reserved 1048576K
Event: 1.346 GC heap after
Heap after GC invocations=2 (full 0):
 PSYoungGen      total 76288K, used 10019K [0x000000076b400000, 0x0000000774900000, 0x00000007c0000000)
  eden space 65536K, 0% used [0x000000076b400000,0x000000076b400000,0x000000076f400000)
  from space 10752K, 93% used [0x000000076fe80000,0x0000000770848d90,0x0000000770900000)
  to   space 10752K, 0% used [0x000000076f400000,0x000000076f400000,0x000000076fe80000)
 ParOldGen       total 175104K, used 43183K [0x00000006c1c00000, 0x00000006cc700000, 0x000000076b400000)
  object space 175104K, 24% used [0x00000006c1c00000,0x00000006c462be40,0x00000006cc700000)
 Metaspace       used 16600K, capacity 17342K, committed 17536K, reserved 1064960K
  class space    used 2320K, capacity 2624K, committed 2688K, reserved 1048576K
}
Event: 1.746 GC heap before
{Heap before GC invocations=3 (full 0):
 PSYoungGen      total 76288K, used 64698K [0x000000076b400000, 0x0000000774900000, 0x00000007c0000000)
  eden space 65536K, 83% used [0x000000076b400000,0x000000076e965c20,0x000000076f400000)
  from space 10752K, 93% used [0x000000076fe80000,0x0000000770848d90,0x0000000770900000)
  to   space 10752K, 0% used [0x000000076f400000,0x000000076f400000,0x000000076fe80000)
 ParOldGen       total 175104K, used 43183K [0x00000006c1c00000, 0x00000006cc700000, 0x000000076b400000)
  object space 175104K, 24% used [0x00000006c1c00000,0x00000006c462be40,0x00000006cc700000)
 Metaspace       used 17860K, capacity 18698K, committed 18816K, reserved 1064960K
  class space    used 2566K, capacity 2878K, committed 2944K, reserved 1048576K
Event: 1.769 GC heap after
Heap after GC invocations=3 (full 0):
 PSYoungGen      total 76288K, used 10624K [0x000000076b400000, 0x0000000774900000, 0x00000007c0000000)
  eden space 65536K, 0% used [0x000000076b400000,0x000000076b400000,0x000000076f400000)
  from space 10752K, 98% used [0x000000076f400000,0x000000076fe601a8,0x000000076fe80000)
  to   space 10752K, 0% used [0x0000000773e80000,0x0000000773e80000,0x0000000774900000)
 ParOldGen       total 175104K, used 81785K [0x00000006c1c00000, 0x00000006cc700000, 0x000000076b400000)
  object space 175104K, 46% used [0x00000006c1c00000,0x00000006c6bde4f8,0x00000006cc700000)
 Metaspace       used 17860K, capacity 18698K, committed 18816K, reserved 1064960K
  class space    used 2566K, capacity 2878K, committed 2944K, reserved 1048576K
}

