# JRE version: Java(TM) SE Runtime Environment (8.0_72-b15) (build 1.8.0_72-b15)
# Java VM: Java HotSpot(TM) 64-Bit Server VM (25.72-b15 mixed mode windows-amd64 compressed oops)
Heap:
 PSYoungGen      total 270336K, used 28908K [0x000000076b400000, 0x000000077c600000, 0x00000007c0000000)
  eden space 261632K, 7% used [0x000000076b400000,0x000000076c80b988,0x000000077b380000)
  from space 8704K, 96% used [0x000000077bc80000,0x000000077c4af830,0x000000077c500000)
  to   space 9216K, 0% used [0x000000077b380000,0x000000077b380000,0x000000077bc80000)
 ParOldGen       total 175104K, used 40K [0x00000006c1c00000, 0x00000006cc700000, 0x000000076b400000)
  object space 175104K, 0% used [0x00000006c1c00000,0x00000006c1c0a000,0x00000006cc700000)
 Metaspace       used 11794K, capacity 12166K, committed 12416K, reserved 1060864K
  class space    used 1484K, capacity 1605K, committed 1664K, reserved 1048576K
GC Heap History (10 events):
Event: 0.898 GC heap before
{Heap before GC invocations=2 (full 0):
 PSYoungGen      total 76288K, used 71907K [0x000000076b400000, 0x0000000770900000, 0x00000007c0000000)
  eden space 65536K, 100% used [0x000000076b400000,0x000000076f400000,0x000000076f400000)
  from space 10752K, 59% used [0x000000076f400000,0x000000076fa38f80,0x000000076fe80000)
  to   space 10752K, 0% used [0x000000076fe80000,0x000000076fe80000,0x0000000770900000)
 ParOldGen       total 175104K, used 16K [0x00000006c1c00000, 0x00000006cc700000, 0x000000076b400000)
  object space 175104K, 0% used [0x00000006c1c00000,0x00000006c1c04000,0x00000006cc700000)
 Metaspace       used 11794K, capacity 12166K, committed 12416K, reserved 1060864K
  class space    used 1484K, capacity 1605K, committed 1664K, reserved 1048576K
Event: 0.913 GC heap after
Heap after GC invocations=2 (full 0):
 PSYoungGen      total 76288K, used 7227K [0x000000076b400000, 0x0000000774900000, 0x00000007c0000000)
  eden space 65536K, 0% used [0x000000076b400000,0x000000076b400000,0x000000076f400000)
  from space 10752K, 67% used [0x000000076fe80000,0x000000077058ec00,0x0000000770900000)
  to   space 10752K, 0% used [0x000000076f400000,0x000000076f400000,0x000000076fe80000)
 ParOldGen       total 175104K, used 16K [0x00000006c1c00000, 0x00000006cc700000, 0x000000076b400000)
  object space 175104K, 0% used [0x00000006c1c00000,0x00000006c1c04000,0x00000006cc700000)
 Metaspace       used 11794K, capacity 12166K, committed 12416K, reserved 1060864K
  class space    used 1484K, capacity 1605K, committed 1664K, reserved 1048576K
}
Event: 1.167 GC heap before
{Heap before GC invocations=3 (full 0):
 PSYoungGen      total 76288K, used 72763K [0x000000076b400000, 0x0000000774900000, 0x00000007c0000000)
  eden space 65536K, 100% used [0x000000076b400000,0x000000076f400000,0x000000076f400000)
  from space 10752K, 67% used [0x000000076fe80000,0x000000077058ec00,0x0000000770900000)
  to   space 10752K, 0% used [0x000000076f400000,0x000000076f400000,0x000000076fe80000)
 ParOldGen       total 175104K, used 16K [0x00000006c1c00000, 0x00000006cc700000, 0x000000076b400000)
  object space 175104K, 0% used [0x00000006c1c00000,0x00000006c1c04000,0x00000006cc700000)
 Metaspace       used 11794K, capacity 12166K, committed 12416K, reserved 1060864K
  class space    used 1484K, capacity 1605K, committed 1664K, reserved 1048576K
Event: 1.178 GC heap after
Heap after GC invocations=3 (full 0):
 PSYoungGen      total 76288K, used 8075K [0x000000076b400000, 0x0000000774900000, 0x00000007c0000000)
  eden space 65536K, 0% used [0x000000076b400000,0x000000076b400000,0x000000076f400000)
  from space 10752K, 75% used [0x000000076f400000,0x000000076fbe2f50,0x000000076fe80000)
  to   space 10752K, 0% used [0x0000000773e80000,0x0000000773e80000,0x0000000774900000)
 ParOldGen       total 175104K, used 24K [0x00000006c1c00000, 0x00000006cc700000, 0x000000076b400000)
  object space 175104K, 0% used [0x00000006c1c00000,0x00000006c1c06000,0x00000006cc700000)
 Metaspace       used 11794K, capacity 12166K, committed 12416K, reserved 1060864K
  class space    used 1484K, capacity 1605K, committed 1664K, reserved 1048576K
}
Event: 1.323 GC heap before
{Heap before GC invocations=4 (full 0):
 PSYoungGen      total 76288K, used 73611K [0x000000076b400000, 0x0000000774900000, 0x00000007c0000000)
  eden space 65536K, 100% used [0x000000076b400000,0x000000076f400000,0x000000076f400000)
  from space 10752K, 75% used [0x000000076f400000,0x000000076fbe2f50,0x000000076fe80000)
  to   space 10752K, 0% used [0x0000000773e80000,0x0000000773e80000,0x0000000774900000)
 ParOldGen       total 175104K, used 24K [0x00000006c1c00000, 0x00000006cc700000, 0x000000076b400000)
  object space 175104K, 0% used [0x00000006c1c00000,0x00000006c1c06000,0x00000006cc700000)
 Metaspace       used 11794K, capacity 12166K, committed 12416K, reserved 1060864K
  class space    used 1484K, capacity 1605K, committed 1664K, reserved 1048576K
Event: 1.327 GC heap after
Heap after GC invocations=4 (full 0):
 PSYoungGen      total 141824K, used 7793K [0x000000076b400000, 0x0000000774900000, 0x00000007c0000000)
  eden space 131072K, 0% used [0x000000076b400000,0x000000076b400000,0x0000000773400000)
  from space 10752K, 72% used [0x0000000773e80000,0x000000077461c4a0,0x0000000774900000)
  to   space 10752K, 0% used [0x0000000773400000,0x0000000773400000,0x0000000773e80000)
 ParOldGen       total 175104K, used 32K [0x00000006c1c00000, 0x00000006cc700000, 0x000000076b400000)
  object space 175104K, 0% used [0x00000006c1c00000,0x00000006c1c08000,0x00000006cc700000)
 Metaspace       used 11794K, capacity 12166K, committed 12416K, reserved 1060864K
  class space    used 1484K, capacity 1605K, committed 1664K, reserved 1048576K
}
Event: 1.630 GC heap before
{Heap before GC invocations=5 (full 0):
 PSYoungGen      total 141824K, used 138865K [0x000000076b400000, 0x0000000774900000, 0x00000007c0000000)
  eden space 131072K, 100% used [0x000000076b400000,0x0000000773400000,0x0000000773400000)
  from space 10752K, 72% used [0x0000000773e80000,0x000000077461c4a0,0x0000000774900000)
  to   space 10752K, 0% used [0x0000000773400000,0x0000000773400000,0x0000000773e80000)
 ParOldGen       total 175104K, used 32K [0x00000006c1c00000, 0x00000006cc700000, 0x000000076b400000)
  object space 175104K, 0% used [0x00000006c1c00000,0x00000006c1c08000,0x00000006cc700000)
 Metaspace       used 11794K, capacity 12166K, committed 12416K, reserved 1060864K
  class space    used 1484K, capacity 1605K, committed 1664K, reserved 1048576K
Event: 1.634 GC heap after
Heap after GC invocations=5 (full 0):
 PSYoungGen      total 141824K, used 6899K [0x000000076b400000, 0x000000077c500000, 0x00000007c0000000)
  eden space 131072K, 0% used [0x000000076b400000,0x000000076b400000,0x0000000773400000)
  from space 10752K, 64% used [0x0000000773400000,0x0000000773abcf50,0x0000000773e80000)
  to   space 8704K, 0% used [0x000000077bc80000,0x000000077bc80000,0x000000077c500000)
 ParOldGen       total 175104K, used 40K [0x00000006c1c00000, 0x00000006cc700000, 0x000000076b400000)
  object space 175104K, 0% used [0x00000006c1c00000,0x00000006c1c0a000,0x00000006cc700000)
 Metaspace       used 11794K, capacity 12166K, committed 12416K, reserved 1060864K
  class space    used 1484K, capacity 1605K, committed 1664K, reserved 1048576K
}
Event: 1.944 GC heap before
{Heap before GC invocations=6 (full 0):
 PSYoungGen      total 141824K, used 137971K [0x000000076b400000, 0x000000077c500000, 0x00000007c0000000)
  eden space 131072K, 100% used [0x000000076b400000,0x0000000773400000,0x0000000773400000)
  from space 10752K, 64% used [0x0000000773400000,0x0000000773abcf50,0x0000000773e80000)
  to   space 8704K, 0% used [0x000000077bc80000,0x000000077bc80000,0x000000077c500000)
 ParOldGen       total 175104K, used 40K [0x00000006c1c00000, 0x00000006cc700000, 0x000000076b400000)
  object space 175104K, 0% used [0x00000006c1c00000,0x00000006c1c0a000,0x00000006cc700000)
 Metaspace       used 11794K, capacity 12166K, committed 12416K, reserved 1060864K
  class space    used 1484K, capacity 1605K, committed 1664K, reserved 1048576K
Event: 1.948 GC heap after
Heap after GC invocations=6 (full 0):
 PSYoungGen      total 270336K, used 8382K [0x000000076b400000, 0x000000077c600000, 0x00000007c0000000)
  eden space 261632K, 0% used [0x000000076b400000,0x000000076b400000,0x000000077b380000)
  from space 8704K, 96% used [0x000000077bc80000,0x000000077c4af830,0x000000077c500000)
  to   space 9216K, 0% used [0x000000077b380000,0x000000077b380000,0x000000077bc80000)
 ParOldGen       total 175104K, used 40K [0x00000006c1c00000, 0x00000006cc700000, 0x000000076b400000)
  object space 175104K, 0% used [0x00000006c1c00000,0x00000006c1c0a000,0x00000006cc700000)
 Metaspace       used 11794K, capacity 12166K, committed 12416K, reserved 1060864K
  class space    used 1484K, capacity 1605K, committed 1664K, reserved 1048576K
}

